<?xml version="1.0" encoding="UTF-8"?>
<!-- Generated by org.testng.reporters.JUnitXMLReporter -->
<testsuite hostname="LAPTOP-H6MFK2QP" name="Surefire test" tests="4" failures="0" timestamp="11 Nov 2022 06:03:57 GMT" time="0.014" errors="0">
  <testcase name="test01" time="0.004" classname="com.lyjs.test.IndexTest"/>
  <testcase name="test02" time="0.0" classname="com.lyjs.test.IndexTest"/>
  <testcase name="test01" time="0.0" classname="com.lyjs.test.LoginTest"/>
  <testcase name="test02" time="0.0" classname="com.lyjs.test.LoginTest"/>
</testsuite> <!-- Surefire test -->
